This is pdfTeX, Version 3.1415926-2.5-1.40.14 (TeX Live 2013/Debian) (format=pdflatex 2015.10.1)  1 OCT 2015 15:01
entering extended mode
 restricted \write18 enabled.
 %&-line parsing enabled.
**cr.tex
(./cr.tex
LaTeX2e <2011/06/27>
Babel <3.9h> and hyphenation patterns for 30 languages loaded.
(/usr/share/texlive/texmf-dist/tex/latex/base/report.cls
Document Class: report 2007/10/19 v1.4h Standard LaTeX document class
(/usr/share/texlive/texmf-dist/tex/latex/base/size11.clo
File: size11.clo 2007/10/19 v1.4h Standard LaTeX file (size option)
)
\c@part=\count79
\c@chapter=\count80
\c@section=\count81
\c@subsection=\count82
\c@subsubsection=\count83
\c@paragraph=\count84
\c@subparagraph=\count85
\c@figure=\count86
\c@table=\count87
\abovecaptionskip=\skip41
\belowcaptionskip=\skip42
\bibindent=\dimen102
)
(/usr/share/texlive/texmf-dist/tex/latex/base/inputenc.sty
Package: inputenc 2008/03/30 v1.1d Input encoding file
\inpenc@prehook=\toks14
\inpenc@posthook=\toks15

(/usr/share/texlive/texmf-dist/tex/latex/base/utf8.def
File: utf8.def 2008/04/05 v1.1m UTF-8 support for inputenc
Now handling font encoding OML ...
... no UTF-8 mapping file for font encoding OML
Now handling font encoding T1 ...
... processing UTF-8 mapping file for font encoding T1

(/usr/share/texlive/texmf-dist/tex/latex/base/t1enc.dfu
File: t1enc.dfu 2008/04/05 v1.1m UTF-8 support for inputenc
   defining Unicode char U+00A1 (decimal 161)
   defining Unicode char U+00A3 (decimal 163)
   defining Unicode char U+00AB (decimal 171)
   defining Unicode char U+00BB (decimal 187)
   defining Unicode char U+00BF (decimal 191)
   defining Unicode char U+00C0 (decimal 192)
   defining Unicode char U+00C1 (decimal 193)
   defining Unicode char U+00C2 (decimal 194)
   defining Unicode char U+00C3 (decimal 195)
   defining Unicode char U+00C4 (decimal 196)
   defining Unicode char U+00C5 (decimal 197)
   defining Unicode char U+00C6 (decimal 198)
   defining Unicode char U+00C7 (decimal 199)
   defining Unicode char U+00C8 (decimal 200)
   defining Unicode char U+00C9 (decimal 201)
   defining Unicode char U+00CA (decimal 202)
   defining Unicode char U+00CB (decimal 203)
   defining Unicode char U+00CC (decimal 204)
   defining Unicode char U+00CD (decimal 205)
   defining Unicode char U+00CE (decimal 206)
   defining Unicode char U+00CF (decimal 207)
   defining Unicode char U+00D0 (decimal 208)
   defining Unicode char U+00D1 (decimal 209)
   defining Unicode char U+00D2 (decimal 210)
   defining Unicode char U+00D3 (decimal 211)
   defining Unicode char U+00D4 (decimal 212)
   defining Unicode char U+00D5 (decimal 213)
   defining Unicode char U+00D6 (decimal 214)
   defining Unicode char U+00D8 (decimal 216)
   defining Unicode char U+00D9 (decimal 217)
   defining Unicode char U+00DA (decimal 218)
   defining Unicode char U+00DB (decimal 219)
   defining Unicode char U+00DC (decimal 220)
   defining Unicode char U+00DD (decimal 221)
   defining Unicode char U+00DE (decimal 222)
   defining Unicode char U+00DF (decimal 223)
   defining Unicode char U+00E0 (decimal 224)
   defining Unicode char U+00E1 (decimal 225)
   defining Unicode char U+00E2 (decimal 226)
   defining Unicode char U+00E3 (decimal 227)
   defining Unicode char U+00E4 (decimal 228)
   defining Unicode char U+00E5 (decimal 229)
   defining Unicode char U+00E6 (decimal 230)
   defining Unicode char U+00E7 (decimal 231)
   defining Unicode char U+00E8 (decimal 232)
   defining Unicode char U+00E9 (decimal 233)
   defining Unicode char U+00EA (decimal 234)
   defining Unicode char U+00EB (decimal 235)
   defining Unicode char U+00EC (decimal 236)
   defining Unicode char U+00ED (decimal 237)
   defining Unicode char U+00EE (decimal 238)
   defining Unicode char U+00EF (decimal 239)
   defining Unicode char U+00F0 (decimal 240)
   defining Unicode char U+00F1 (decimal 241)
   defining Unicode char U+00F2 (decimal 242)
   defining Unicode char U+00F3 (decimal 243)
   defining Unicode char U+00F4 (decimal 244)
   defining Unicode char U+00F5 (decimal 245)
   defining Unicode char U+00F6 (decimal 246)
   defining Unicode char U+00F8 (decimal 248)
   defining Unicode char U+00F9 (decimal 249)
   defining Unicode char U+00FA (decimal 250)
   defining Unicode char U+00FB (decimal 251)
   defining Unicode char U+00FC (decimal 252)
   defining Unicode char U+00FD (decimal 253)
   defining Unicode char U+00FE (decimal 254)
   defining Unicode char U+00FF (decimal 255)
   defining Unicode char U+0102 (decimal 258)
   defining Unicode char U+0103 (decimal 259)
   defining Unicode char U+0104 (decimal 260)
   defining Unicode char U+0105 (decimal 261)
   defining Unicode char U+0106 (decimal 262)
   defining Unicode char U+0107 (decimal 263)
   defining Unicode char U+010C (decimal 268)
   defining Unicode char U+010D (decimal 269)
   defining Unicode char U+010E (decimal 270)
   defining Unicode char U+010F (decimal 271)
   defining Unicode char U+0110 (decimal 272)
   defining Unicode char U+0111 (decimal 273)
   defining Unicode char U+0118 (decimal 280)
   defining Unicode char U+0119 (decimal 281)
   defining Unicode char U+011A (decimal 282)
   defining Unicode char U+011B (decimal 283)
   defining Unicode char U+011E (decimal 286)
   defining Unicode char U+011F (decimal 287)
   defining Unicode char U+0130 (decimal 304)
   defining Unicode char U+0131 (decimal 305)
   defining Unicode char U+0132 (decimal 306)
   defining Unicode char U+0133 (decimal 307)
   defining Unicode char U+0139 (decimal 313)
   defining Unicode char U+013A (decimal 314)
   defining Unicode char U+013D (decimal 317)
   defining Unicode char U+013E (decimal 318)
   defining Unicode char U+0141 (decimal 321)
   defining Unicode char U+0142 (decimal 322)
   defining Unicode char U+0143 (decimal 323)
   defining Unicode char U+0144 (decimal 324)
   defining Unicode char U+0147 (decimal 327)
   defining Unicode char U+0148 (decimal 328)
   defining Unicode char U+014A (decimal 330)
   defining Unicode char U+014B (decimal 331)
   defining Unicode char U+0150 (decimal 336)
   defining Unicode char U+0151 (decimal 337)
   defining Unicode char U+0152 (decimal 338)
   defining Unicode char U+0153 (decimal 339)
   defining Unicode char U+0154 (decimal 340)
   defining Unicode char U+0155 (decimal 341)
   defining Unicode char U+0158 (decimal 344)
   defining Unicode char U+0159 (decimal 345)
   defining Unicode char U+015A (decimal 346)
   defining Unicode char U+015B (decimal 347)
   defining Unicode char U+015E (decimal 350)
   defining Unicode char U+015F (decimal 351)
   defining Unicode char U+0160 (decimal 352)
   defining Unicode char U+0161 (decimal 353)
   defining Unicode char U+0162 (decimal 354)
   defining Unicode char U+0163 (decimal 355)
   defining Unicode char U+0164 (decimal 356)
   defining Unicode char U+0165 (decimal 357)
   defining Unicode char U+016E (decimal 366)
   defining Unicode char U+016F (decimal 367)
   defining Unicode char U+0170 (decimal 368)
   defining Unicode char U+0171 (decimal 369)
   defining Unicode char U+0178 (decimal 376)
   defining Unicode char U+0179 (decimal 377)
   defining Unicode char U+017A (decimal 378)
   defining Unicode char U+017B (decimal 379)
   defining Unicode char U+017C (decimal 380)
   defining Unicode char U+017D (decimal 381)
   defining Unicode char U+017E (decimal 382)
   defining Unicode char U+200C (decimal 8204)
   defining Unicode char U+2013 (decimal 8211)
   defining Unicode char U+2014 (decimal 8212)
   defining Unicode char U+2018 (decimal 8216)
   defining Unicode char U+2019 (decimal 8217)
   defining Unicode char U+201A (decimal 8218)
   defining Unicode char U+201C (decimal 8220)
   defining Unicode char U+201D (decimal 8221)
   defining Unicode char U+201E (decimal 8222)
   defining Unicode char U+2030 (decimal 8240)
   defining Unicode char U+2031 (decimal 8241)
   defining Unicode char U+2039 (decimal 8249)
   defining Unicode char U+203A (decimal 8250)
   defining Unicode char U+2423 (decimal 9251)
)
Now handling font encoding OT1 ...
... processing UTF-8 mapping file for font encoding OT1

(/usr/share/texlive/texmf-dist/tex/latex/base/ot1enc.dfu
File: ot1enc.dfu 2008/04/05 v1.1m UTF-8 support for inputenc
   defining Unicode char U+00A1 (decimal 161)
   defining Unicode char U+00A3 (decimal 163)
   defining Unicode char U+00B8 (decimal 184)
   defining Unicode char U+00BF (decimal 191)
   defining Unicode char U+00C5 (decimal 197)
   defining Unicode char U+00C6 (decimal 198)
   defining Unicode char U+00D8 (decimal 216)
   defining Unicode char U+00DF (decimal 223)
   defining Unicode char U+00E6 (decimal 230)
   defining Unicode char U+00EC (decimal 236)
   defining Unicode char U+00ED (decimal 237)
   defining Unicode char U+00EE (decimal 238)
   defining Unicode char U+00EF (decimal 239)
   defining Unicode char U+00F8 (decimal 248)
   defining Unicode char U+0131 (decimal 305)
   defining Unicode char U+0141 (decimal 321)
   defining Unicode char U+0142 (decimal 322)
   defining Unicode char U+0152 (decimal 338)
   defining Unicode char U+0153 (decimal 339)
   defining Unicode char U+2013 (decimal 8211)
   defining Unicode char U+2014 (decimal 8212)
   defining Unicode char U+2018 (decimal 8216)
   defining Unicode char U+2019 (decimal 8217)
   defining Unicode char U+201C (decimal 8220)
   defining Unicode char U+201D (decimal 8221)
)
Now handling font encoding OMS ...
... processing UTF-8 mapping file for font encoding OMS

(/usr/share/texlive/texmf-dist/tex/latex/base/omsenc.dfu
File: omsenc.dfu 2008/04/05 v1.1m UTF-8 support for inputenc
   defining Unicode char U+00A7 (decimal 167)
   defining Unicode char U+00B6 (decimal 182)
   defining Unicode char U+00B7 (decimal 183)
   defining Unicode char U+2020 (decimal 8224)
   defining Unicode char U+2021 (decimal 8225)
   defining Unicode char U+2022 (decimal 8226)
)
Now handling font encoding OMX ...
... no UTF-8 mapping file for font encoding OMX
Now handling font encoding U ...
... no UTF-8 mapping file for font encoding U
   defining Unicode char U+00A9 (decimal 169)
   defining Unicode char U+00AA (decimal 170)
   defining Unicode char U+00AE (decimal 174)
   defining Unicode char U+00BA (decimal 186)
   defining Unicode char U+02C6 (decimal 710)
   defining Unicode char U+02DC (decimal 732)
   defining Unicode char U+200C (decimal 8204)
   defining Unicode char U+2026 (decimal 8230)
   defining Unicode char U+2122 (decimal 8482)
   defining Unicode char U+2423 (decimal 9251)
))
(/usr/share/texlive/texmf-dist/tex/generic/babel/babel.sty
Package: babel 2013/12/03 3.9h The Babel package

(/usr/share/texlive/texmf-dist/tex/generic/babel-french/frenchb.ldf
Language: frenchb 2013/12/30 v2.6g French support from the babel system

(/usr/share/texlive/texmf-dist/tex/generic/babel/babel.def
File: babel.def 2013/12/03 3.9h Babel common definitions
\babel@savecnt=\count88
\U@D=\dimen103
)
\FB@interchartokenstateORI=\count89
Package babel Info: Making : an active character on input line 244.
Package babel Info: Making ; an active character on input line 245.
Package babel Info: Making ! an active character on input line 246.
Package babel Info: Making ? an active character on input line 247.
\FB@Mht=\dimen104
\std@mcc=\count90
\dec@mcc=\count91
\listindentFB=\skip43
\labelwidthFB=\skip44
\leftmarginFB=\skip45
\parindentFFN=\dimen105
))
(/usr/share/texlive/texmf-dist/tex/latex/carlisle/scalefnt.sty)
(/usr/share/texlive/texmf-dist/tex/latex/graphics/keyval.sty
Package: keyval 1999/03/16 v1.13 key=value parser (DPC)
\KV@toks@=\toks16
)
(/usr/share/texlive/texmf-dist/tex/latex/graphics/graphicx.sty
Package: graphicx 1999/02/16 v1.0f Enhanced LaTeX Graphics (DPC,SPQR)

(/usr/share/texlive/texmf-dist/tex/latex/graphics/graphics.sty
Package: graphics 2009/02/05 v1.0o Standard LaTeX Graphics (DPC,SPQR)

(/usr/share/texlive/texmf-dist/tex/latex/graphics/trig.sty
Package: trig 1999/03/16 v1.09 sin cos tan (DPC)
)
(/usr/share/texlive/texmf-dist/tex/latex/latexconfig/graphics.cfg
File: graphics.cfg 2010/04/23 v1.9 graphics configuration of TeX Live
)
Package graphics Info: Driver file: pdftex.def on input line 91.

(/usr/share/texlive/texmf-dist/tex/latex/pdftex-def/pdftex.def
File: pdftex.def 2011/05/27 v0.06d Graphics/color for pdfTeX

(/usr/share/texlive/texmf-dist/tex/generic/oberdiek/infwarerr.sty
Package: infwarerr 2010/04/08 v1.3 Providing info/warning/error messages (HO)
)
(/usr/share/texlive/texmf-dist/tex/generic/oberdiek/ltxcmds.sty
Package: ltxcmds 2011/11/09 v1.22 LaTeX kernel commands for general use (HO)
)
\Gread@gobject=\count92
))
\Gin@req@height=\dimen106
\Gin@req@width=\dimen107
)
(/usr/share/texmf/tex/latex/xcolor/xcolor.sty
Package: xcolor 2007/01/21 v2.11 LaTeX color extensions (UK)

(/usr/share/texlive/texmf-dist/tex/latex/latexconfig/color.cfg
File: color.cfg 2007/01/18 v1.5 color configuration of teTeX/TeXLive
)
Package xcolor Info: Package option `usenames' ignored on input line 216.
Package xcolor Info: Driver file: pdftex.def on input line 225.
Package xcolor Info: Model `cmy' substituted by `cmy0' on input line 1337.
Package xcolor Info: Model `hsb' substituted by `rgb' on input line 1341.
Package xcolor Info: Model `RGB' extended on input line 1353.
Package xcolor Info: Model `HTML' substituted by `rgb' on input line 1355.
Package xcolor Info: Model `Hsb' substituted by `hsb' on input line 1356.
Package xcolor Info: Model `tHsb' substituted by `hsb' on input line 1357.
Package xcolor Info: Model `HSB' substituted by `hsb' on input line 1358.
Package xcolor Info: Model `Gray' substituted by `gray' on input line 1359.
Package xcolor Info: Model `wave' substituted by `hsb' on input line 1360.

(/usr/share/texlive/texmf-dist/tex/latex/graphics/dvipsnam.def
File: dvipsnam.def 1999/02/16 v3.0i Driver-dependant file (DPC,SPQR)
))
(/usr/share/texlive/texmf-dist/tex/latex/varwidth/varwidth.sty
Package: varwidth 2009/03/30 ver 0.92;  Variable-width minipages
\@vwid@box=\box26
\sift@deathcycles=\count93
\@vwid@loff=\dimen108
\@vwid@roff=\dimen109
)
(/usr/share/texlive/texmf-dist/tex/latex/sectsty/sectsty.sty
Package: sectsty 2002/02/25 v2.0.2 Commands to change all sectional heading sty
les
)
(/usr/share/texlive/texmf-dist/tex/latex/amsfonts/amssymb.sty
Package: amssymb 2013/01/14 v3.01 AMS font symbols

(/usr/share/texlive/texmf-dist/tex/latex/amsfonts/amsfonts.sty
Package: amsfonts 2013/01/14 v3.01 Basic AMSFonts support
\@emptytoks=\toks17
\symAMSa=\mathgroup4
\symAMSb=\mathgroup5
LaTeX Font Info:    Overwriting math alphabet `\mathfrak' in version `bold'
(Font)                  U/euf/m/n --> U/euf/b/n on input line 106.
))
(/usr/share/texlive/texmf-dist/tex/latex/geometry/geometry.sty
Package: geometry 2010/09/12 v5.6 Page Geometry

(/usr/share/texlive/texmf-dist/tex/generic/oberdiek/ifpdf.sty
Package: ifpdf 2011/01/30 v2.3 Provides the ifpdf switch (HO)
Package ifpdf Info: pdfTeX in PDF mode is detected.
)
(/usr/share/texlive/texmf-dist/tex/generic/oberdiek/ifvtex.sty
Package: ifvtex 2010/03/01 v1.5 Detect VTeX and its facilities (HO)
Package ifvtex Info: VTeX not detected.
)
(/usr/share/texlive/texmf-dist/tex/generic/ifxetex/ifxetex.sty
Package: ifxetex 2010/09/12 v0.6 Provides ifxetex conditional
)
\Gm@cnth=\count94
\Gm@cntv=\count95
\c@Gm@tempcnt=\count96
\Gm@bindingoffset=\dimen110
\Gm@wd@mp=\dimen111
\Gm@odd@mp=\dimen112
\Gm@even@mp=\dimen113
\Gm@layoutwidth=\dimen114
\Gm@layoutheight=\dimen115
\Gm@layouthoffset=\dimen116
\Gm@layoutvoffset=\dimen117
\Gm@dimlist=\toks18
)
(/usr/share/texlive/texmf-dist/tex/latex/hyperref/hyperref.sty
Package: hyperref 2012/11/06 v6.83m Hypertext links for LaTeX

(/usr/share/texlive/texmf-dist/tex/generic/oberdiek/hobsub-hyperref.sty
Package: hobsub-hyperref 2012/05/28 v1.13 Bundle oberdiek, subset hyperref (HO)


(/usr/share/texlive/texmf-dist/tex/generic/oberdiek/hobsub-generic.sty
Package: hobsub-generic 2012/05/28 v1.13 Bundle oberdiek, subset generic (HO)
Package: hobsub 2012/05/28 v1.13 Construct package bundles (HO)
Package hobsub Info: Skipping package `infwarerr' (already loaded).
Package hobsub Info: Skipping package `ltxcmds' (already loaded).
Package: ifluatex 2010/03/01 v1.3 Provides the ifluatex switch (HO)
Package ifluatex Info: LuaTeX not detected.
Package hobsub Info: Skipping package `ifvtex' (already loaded).
Package: intcalc 2007/09/27 v1.1 Expandable calculations with integers (HO)
Package hobsub Info: Skipping package `ifpdf' (already loaded).
Package: etexcmds 2011/02/16 v1.5 Avoid name clashes with e-TeX commands (HO)
Package etexcmds Info: Could not find \expanded.
(etexcmds)             That can mean that you are not using pdfTeX 1.50 or
(etexcmds)             that some package has redefined \expanded.
(etexcmds)             In the latter case, load this package earlier.
Package: kvsetkeys 2012/04/25 v1.16 Key value parser (HO)
Package: kvdefinekeys 2011/04/07 v1.3 Define keys (HO)
Package: pdftexcmds 2011/11/29 v0.20 Utility functions of pdfTeX for LuaTeX (HO
)
Package pdftexcmds Info: LuaTeX not detected.
Package pdftexcmds Info: \pdf@primitive is available.
Package pdftexcmds Info: \pdf@ifprimitive is available.
Package pdftexcmds Info: \pdfdraftmode found.
Package: pdfescape 2011/11/25 v1.13 Implements pdfTeX's escape features (HO)
Package: bigintcalc 2012/04/08 v1.3 Expandable calculations on big integers (HO
)
Package: bitset 2011/01/30 v1.1 Handle bit-vector datatype (HO)
Package: uniquecounter 2011/01/30 v1.2 Provide unlimited unique counter (HO)
)
Package hobsub Info: Skipping package `hobsub' (already loaded).
Package: letltxmacro 2010/09/02 v1.4 Let assignment for LaTeX macros (HO)
Package: hopatch 2012/05/28 v1.2 Wrapper for package hooks (HO)
Package: xcolor-patch 2011/01/30 xcolor patch
Package: atveryend 2011/06/30 v1.8 Hooks at the very end of document (HO)
Package atveryend Info: \enddocument detected (standard20110627).
Package: atbegshi 2011/10/05 v1.16 At begin shipout hook (HO)
Package: refcount 2011/10/16 v3.4 Data extraction from label references (HO)
Package: hycolor 2011/01/30 v1.7 Color options for hyperref/bookmark (HO)
)
(/usr/share/texlive/texmf-dist/tex/latex/oberdiek/auxhook.sty
Package: auxhook 2011/03/04 v1.3 Hooks for auxiliary files (HO)
)
(/usr/share/texlive/texmf-dist/tex/latex/oberdiek/kvoptions.sty
Package: kvoptions 2011/06/30 v3.11 Key value format for package options (HO)
)
\@linkdim=\dimen118
\Hy@linkcounter=\count97
\Hy@pagecounter=\count98

(/usr/share/texlive/texmf-dist/tex/latex/hyperref/pd1enc.def
File: pd1enc.def 2012/11/06 v6.83m Hyperref: PDFDocEncoding definition (HO)
Now handling font encoding PD1 ...
... no UTF-8 mapping file for font encoding PD1
)
\Hy@SavedSpaceFactor=\count99

(/usr/share/texlive/texmf-dist/tex/latex/latexconfig/hyperref.cfg
File: hyperref.cfg 2002/06/06 v1.2 hyperref configuration of TeXLive
)
Package hyperref Info: Hyper figures OFF on input line 4443.
Package hyperref Info: Link nesting OFF on input line 4448.
Package hyperref Info: Hyper index ON on input line 4451.
Package hyperref Info: Plain pages OFF on input line 4458.
Package hyperref Info: Backreferencing OFF on input line 4463.
Package hyperref Info: Implicit mode ON; LaTeX internals redefined.
Package hyperref Info: Bookmarks ON on input line 4688.
\c@Hy@tempcnt=\count100

(/usr/share/texlive/texmf-dist/tex/latex/url/url.sty
\Urlmuskip=\muskip10
Package: url 2013/09/16  ver 3.4  Verb mode for urls, etc.
)
LaTeX Info: Redefining \url on input line 5041.
\XeTeXLinkMargin=\dimen119
\Fld@menulength=\count101
\Field@Width=\dimen120
\Fld@charsize=\dimen121
Package hyperref Info: Hyper figures OFF on input line 6295.
Package hyperref Info: Link nesting OFF on input line 6300.
Package hyperref Info: Hyper index ON on input line 6303.
Package hyperref Info: backreferencing OFF on input line 6310.
Package hyperref Info: Link coloring OFF on input line 6315.
Package hyperref Info: Link coloring with OCG OFF on input line 6320.
Package hyperref Info: PDF/A mode OFF on input line 6325.
LaTeX Info: Redefining \ref on input line 6365.
LaTeX Info: Redefining \pageref on input line 6369.
\Hy@abspage=\count102
\c@Item=\count103
\c@Hfootnote=\count104
)

Package hyperref Message: Driver (autodetected): hpdftex.

(/usr/share/texlive/texmf-dist/tex/latex/hyperref/hpdftex.def
File: hpdftex.def 2012/11/06 v6.83m Hyperref driver for pdfTeX
\Fld@listcount=\count105
\c@bookmark@seq@number=\count106

(/usr/share/texlive/texmf-dist/tex/latex/oberdiek/rerunfilecheck.sty
Package: rerunfilecheck 2011/04/15 v1.7 Rerun checks for auxiliary files (HO)
Package uniquecounter Info: New unique counter `rerunfilecheck' on input line 2
82.
)
\Hy@SectionHShift=\skip46
)
(/usr/share/texlive/texmf-dist/tex/latex/framed/framed.sty
Package: framed 2011/10/22 v 0.96: framed or shaded text with page breaks
\OuterFrameSep=\skip47
\fb@frw=\dimen122
\fb@frh=\dimen123
\FrameRule=\dimen124
\FrameSep=\dimen125
) (./cr.aux)
\openout1 = `cr.aux'.

LaTeX Font Info:    Checking defaults for OML/cmm/m/it on input line 50.
LaTeX Font Info:    ... okay on input line 50.
LaTeX Font Info:    Checking defaults for T1/cmr/m/n on input line 50.
LaTeX Font Info:    ... okay on input line 50.
LaTeX Font Info:    Checking defaults for OT1/cmr/m/n on input line 50.
LaTeX Font Info:    ... okay on input line 50.
LaTeX Font Info:    Checking defaults for OMS/cmsy/m/n on input line 50.
LaTeX Font Info:    ... okay on input line 50.
LaTeX Font Info:    Checking defaults for OMX/cmex/m/n on input line 50.
LaTeX Font Info:    ... okay on input line 50.
LaTeX Font Info:    Checking defaults for U/cmr/m/n on input line 50.
LaTeX Font Info:    ... okay on input line 50.
LaTeX Font Info:    Checking defaults for PD1/pdf/m/n on input line 50.
LaTeX Font Info:    ... okay on input line 50.
LaTeX Info: Redefining \degres on input line 50.
LaTeX Info: Redefining \dots on input line 50.
LaTeX Info: Redefining \up on input line 50.


Package frenchb.ldf Warning: OT1 encoding should not be used for French. 
(frenchb.ldf)                Add \usepackage[T1]{fontenc} to the preamble
(frenchb.ldf)                of your document, on input line 50.

(/usr/share/texlive/texmf-dist/tex/context/base/supp-pdf.mkii
[Loading MPS to PDF converter (version 2006.09.02).]
\scratchcounter=\count107
\scratchdimen=\dimen126
\scratchbox=\box27
\nofMPsegments=\count108
\nofMParguments=\count109
\everyMPshowfont=\toks19
\MPscratchCnt=\count110
\MPscratchDim=\dimen127
\MPnumerator=\count111
\makeMPintoPDFobject=\count112
\everyMPtoPDFconversion=\toks20
) (/usr/share/texlive/texmf-dist/tex/latex/oberdiek/epstopdf-base.sty
Package: epstopdf-base 2010/02/09 v2.5 Base part for package epstopdf

(/usr/share/texlive/texmf-dist/tex/latex/oberdiek/grfext.sty
Package: grfext 2010/08/19 v1.1 Manage graphics extensions (HO)
)
Package grfext Info: Graphics extension search list:
(grfext)             [.png,.pdf,.jpg,.mps,.jpeg,.jbig2,.jb2,.PNG,.PDF,.JPG,.JPE
G,.JBIG2,.JB2,.eps]
(grfext)             \AppendGraphicsExtensions on input line 452.

(/usr/share/texlive/texmf-dist/tex/latex/latexconfig/epstopdf-sys.cfg
File: epstopdf-sys.cfg 2010/07/13 v1.3 Configuration of (r)epstopdf for TeX Liv
e
))
*geometry* driver: auto-detecting
*geometry* detected driver: pdftex
*geometry* verbose mode - [ preamble ] result:
* driver: pdftex
* paper: <default>
* layout: <same size as paper>
* layoutoffset:(h,v)=(0.0pt,0.0pt)
* modes: 
* h-part:(L,W,R)=(50.58878pt, 513.11745pt, 50.58878pt)
* v-part:(T,H,B)=(50.58878pt, 693.79243pt, 50.58878pt)
* \paperwidth=614.295pt
* \paperheight=794.96999pt
* \textwidth=513.11745pt
* \textheight=693.79243pt
* \oddsidemargin=-21.68121pt
* \evensidemargin=-21.68121pt
* \topmargin=-58.68121pt
* \headheight=12.0pt
* \headsep=25.0pt
* \topskip=11.0pt
* \footskip=30.0pt
* \marginparwidth=59.0pt
* \marginparsep=10.0pt
* \columnsep=10.0pt
* \skip\footins=10.0pt plus 4.0pt minus 2.0pt
* \hoffset=0.0pt
* \voffset=0.0pt
* \mag=1000
* \@twocolumnfalse
* \@twosidefalse
* \@mparswitchfalse
* \@reversemarginfalse
* (1in=72.27pt=25.4mm, 1cm=28.453pt)

\AtBeginShipoutBox=\box28
Package hyperref Info: Link coloring OFF on input line 50.
(/usr/share/texlive/texmf-dist/tex/latex/hyperref/nameref.sty
Package: nameref 2012/10/27 v2.43 Cross-referencing by name of section

(/usr/share/texlive/texmf-dist/tex/generic/oberdiek/gettitlestring.sty
Package: gettitlestring 2010/12/03 v1.4 Cleanup title references (HO)
)
\c@section@level=\count113
)
LaTeX Info: Redefining \ref on input line 50.
LaTeX Info: Redefining \pageref on input line 50.
LaTeX Info: Redefining \nameref on input line 50.

(./cr.out) (./cr.out)
\@outlinefile=\write3
\openout3 = `cr.out'.

LaTeX Font Info:    Try loading font information for U+msa on input line 52.
 (/usr/share/texlive/texmf-dist/tex/latex/amsfonts/umsa.fd
File: umsa.fd 2013/01/14 v3.01 AMS symbols A
)
LaTeX Font Info:    Try loading font information for U+msb on input line 52.
 (/usr/share/texlive/texmf-dist/tex/latex/amsfonts/umsb.fd
File: umsb.fd 2013/01/14 v3.01 AMS symbols B
) [1

{/var/lib/texmf/fonts/map/pdftex/updmap/pdftex.map}] (./cr.toc)
\tf@toc=\write4
\openout4 = `cr.toc'.

pdfTeX warning (ext4): destination with the same identifier (name{page.1}) has 
been already used, duplicate ignored
<to be read again> 
                   \relax 
l.53 \clearpage
                [1

] (./cr.lof [2


])
\tf@lof=\write5
\openout5 = `cr.lof'.

 [3]
Chapitre 1.
[4


]
<../images/schemas/humanitaire_system.png, id=201, 2231.33624pt x 982.67125pt>
File: ../images/schemas/humanitaire_system.png Graphic file (type png)

<use ../images/schemas/humanitaire_system.png>
Package pdftex.def Info: ../images/schemas/humanitaire_system.png used on input
 line 69.
(pdftex.def)             Requested size: 401.6232pt x 176.87318pt.

<../images/schemas/humanitaire_system_external.png, id=203, 2231.33624pt x 982.
67125pt>
File: ../images/schemas/humanitaire_system_external.png Graphic file (type png)

 <use ../images/schemas/humanitaire_system_external.png>
Package pdftex.def Info: ../images/schemas/humanitaire_system_external.png used
 on input line 80.
(pdftex.def)             Requested size: 401.6232pt x 176.87318pt.

<../images/schemas/humanitaire_system_external_links.png, id=205, 2231.33624pt 
x 982.67125pt>
File: ../images/schemas/humanitaire_system_external_links.png Graphic file (typ
e png)
 <use ../images/schemas/humanitaire_system_external_links.png>
Package pdftex.def Info: ../images/schemas/humanitaire_system_external_links.pn
g used on input line 91.
(pdftex.def)             Requested size: 401.6232pt x 176.87318pt.


LaTeX Warning: `!h' float specifier changed to `!ht'.

[5

 <../images/schemas/humanitaire_system.png> <../images/schemas/humanitaire_syst
em_external.png>] [6 <../images/schemas/humanitaire_system_external_links.png>]

<../images/diagrammes/sysml/contexte/context_diagram.png, id=220, 858.20625pt x
 671.50874pt>
File: ../images/diagrammes/sysml/contexte/context_diagram.png Graphic file (typ
e png)
 <use ../images/diagrammes/sysml/contexte/context_diagram.png>
Package pdftex.def Info: ../images/diagrammes/sysml/contexte/context_diagram.pn
g used on input line 104.
(pdftex.def)             Requested size: 429.10208pt x 335.75356pt.

[7

 <../images/diagrammes/sysml/contexte/context_diagram.png>]
<../images/diagrammes/sysml/exigence/exigences_initiales.png, id=227, 1189.4437
6pt x 674.52pt>
File: ../images/diagrammes/sysml/exigence/exigences_initiales.png Graphic file 
(type png)

<use ../images/diagrammes/sysml/exigence/exigences_initiales.png>
Package pdftex.def Info: ../images/diagrammes/sysml/exigence/exigences_initiale
s.png used on input line 122.
(pdftex.def)             Requested size: 475.76907pt x 269.80322pt.
 [8

 <../images/diagrammes/sysml/exigence/exigences_initiales.png>]
<../images/diagrammes/sysml/exigence/exigences_raffinement.png, id=234, 1238.37
656pt x 712.16063pt>
File: ../images/diagrammes/sysml/exigence/exigences_raffinement.png Graphic fil
e (type png)

<use ../images/diagrammes/sysml/exigence/exigences_raffinement.png>
Package pdftex.def Info: ../images/diagrammes/sysml/exigence/exigences_raffinem
ent.png used on input line 134.
(pdftex.def)             Requested size: 495.34184pt x 284.8592pt.
 [9

 <../images/diagrammes/sysml/exigence/exigences_raffinement.png>]
<../images/diagrammes/sysml/exigence/autonomie_details.png, id=247, 418.56375pt
 x 367.3725pt>
File: ../images/diagrammes/sysml/exigence/autonomie_details.png Graphic file (t
ype png)
 <use ../images/diagrammes/sysml/exigence/autonomie_details.png>
Package pdftex.def Info: ../images/diagrammes/sysml/exigence/autonomie_details.
png used on input line 147.
(pdftex.def)             Requested size: 167.42252pt x 146.94638pt.

<../images/diagrammes/sysml/exigence/connecte_details.png, id=248, 411.03563pt 
x 322.20375pt>
File: ../images/diagrammes/sysml/exigence/connecte_details.png Graphic file (ty
pe png)
 <use ../images/diagrammes/sysml/exigence/connecte_details.png>
Package pdftex.def Info: ../images/diagrammes/sysml/exigence/connecte_details.p
ng used on input line 154.
(pdftex.def)             Requested size: 164.41133pt x 128.87921pt.

<../images/diagrammes/sysml/exigence/renseignable_details.png, id=249, 436.6312
6pt x 346.29375pt>
File: ../images/diagrammes/sysml/exigence/renseignable_details.png Graphic file
 (type png)

<use ../images/diagrammes/sysml/exigence/renseignable_details.png>
Package pdftex.def Info: ../images/diagrammes/sysml/exigence/renseignable_detai
ls.png used on input line 160.
(pdftex.def)             Requested size: 174.6494pt x 138.51503pt.
 [10

 <../images/diagrammes/sysml/exigence/autonomie_details.png> <../images/diagram
mes/sysml/exigence/connecte_details.png> <../images/diagrammes/sysml/exigence/r
enseignable_details.png>]
<../images/diagrammes/sysml/exigence/interrogeable_details.png, id=260, 436.631
26pt x 319.1925pt>
File: ../images/diagrammes/sysml/exigence/interrogeable_details.png Graphic fil
e (type png)

<use ../images/diagrammes/sysml/exigence/interrogeable_details.png>
Package pdftex.def Info: ../images/diagrammes/sysml/exigence/interrogeable_deta
ils.png used on input line 167.
(pdftex.def)             Requested size: 174.6494pt x 127.67473pt.
 [11 <../images/diagrammes/sysml/exigence/interrogeable_details.png>]
<../images/diagrammes/sysml/exigence/table_exigence.png, id=267, 526.96875pt x 
635.37375pt>
File: ../images/diagrammes/sysml/exigence/table_exigence.png Graphic file (type
 png)
 <use ../images/diagrammes/sysml/exigence/table_exigence.png>
Package pdftex.def Info: ../images/diagrammes/sysml/exigence/table_exigence.png
 used on input line 175.
(pdftex.def)             Requested size: 421.57556pt x 508.29968pt.

[12

 <../images/diagrammes/sysml/exigence/table_exigence.png (PNG copy)>]
<../images/diagrammes/sysml/use_case/haut_niveau.png, id=274, 626.34pt x 383.18
156pt>
File: ../images/diagrammes/sysml/use_case/haut_niveau.png Graphic file (type pn
g)
 <use ../images/diagrammes/sysml/use_case/haut_niveau.png>
Package pdftex.def Info: ../images/diagrammes/sysml/use_case/haut_niveau.png us
ed on input line 183.
(pdftex.def)             Requested size: 250.53156pt x 153.2699pt.

<../images/diagrammes/sysml/use_case/autonome.png, id=276, 575.14874pt x 522.45
187pt>
File: ../images/diagrammes/sysml/use_case/autonome.png Graphic file (type png)
 <use ../images/diagrammes/sysml/use_case/autonome.png>
Package pdftex.def Info: ../images/diagrammes/sysml/use_case/autonome.png used 
on input line 194.
(pdftex.def)             Requested size: 230.05542pt x 208.97704pt.
 [13 <../images/diagrammes/sysml/use_case/haut_niveau.png> <../images/diagramme
s/sysml/use_case/autonome.png>]
<../images/diagrammes/sysml/use_case/connecter.png, id=285, 566.86781pt x 590.9
5781pt>
File: ../images/diagrammes/sysml/use_case/connecter.png Graphic file (type png)

 <use ../images/diagrammes/sysml/use_case/connecter.png>
Package pdftex.def Info: ../images/diagrammes/sysml/use_case/connecter.png used
 on input line 206.
(pdftex.def)             Requested size: 226.7431pt x 236.37894pt.
 [14

 <../images/diagrammes/sysml/use_case/connecter.png>]
<../images/diagrammes/sysml/use_case/interroger.png, id=292, 532.99126pt x 461.
47406pt>
File: ../images/diagrammes/sysml/use_case/interroger.png Graphic file (type png
)
 <use ../images/diagrammes/sysml/use_case/interroger.png>
Package pdftex.def Info: ../images/diagrammes/sysml/use_case/interroger.png use
d on input line 219.
(pdftex.def)             Requested size: 213.19272pt x 184.58635pt.
 [15

 <../images/diagrammes/sysml/use_case/interroger.png>]
<../images/diagrammes/sysml/use_case/renseigner.png, id=299, 663.22781pt x 427.
5975pt>
File: ../images/diagrammes/sysml/use_case/renseigner.png Graphic file (type png
)
 <use ../images/diagrammes/sysml/use_case/renseigner.png>
Package pdftex.def Info: ../images/diagrammes/sysml/use_case/renseigner.png use
d on input line 231.
(pdftex.def)             Requested size: 265.28642pt x 171.03596pt.
 [16

 <../images/diagrammes/sysml/use_case/renseigner.png>]
<../images/diagrammes/sysml/activite/autonome.png, id=306, 587.19376pt x 286.06
876pt>
File: ../images/diagrammes/sysml/activite/autonome.png Graphic file (type png)
 <use ../images/diagrammes/sysml/activite/autonome.png>
Package pdftex.def Info: ../images/diagrammes/sysml/activite/autonome.png used 
on input line 247.
(pdftex.def)             Requested size: 234.87334pt x 114.42546pt.

<../images/diagrammes/sysml/activite/connecter.png, id=307, 636.12656pt x 411.0
3563pt>
File: ../images/diagrammes/sysml/activite/connecter.png Graphic file (type png)

 <use ../images/diagrammes/sysml/activite/connecter.png>
Package pdftex.def Info: ../images/diagrammes/sysml/activite/connecter.png used
 on input line 258.
(pdftex.def)             Requested size: 254.4461pt x 164.41133pt.
 [17

 <../images/diagrammes/sysml/activite/autonome.png> <../images/diagrammes/sysml
/activite/connecter.png>]
<../images/diagrammes/sysml/activite/interroger.png, id=316, 653.44125pt x 419.
31656pt>
File: ../images/diagrammes/sysml/activite/interroger.png Graphic file (type png
)
 <use ../images/diagrammes/sysml/activite/interroger.png>
Package pdftex.def Info: ../images/diagrammes/sysml/activite/interroger.png use
d on input line 270.
(pdftex.def)             Requested size: 261.37187pt x 167.72365pt.

<../images/diagrammes/sysml/activite/renseigner.png, id=318, 644.4075pt x 260.4
7313pt>
File: ../images/diagrammes/sysml/activite/renseigner.png Graphic file (type png
)
 <use ../images/diagrammes/sysml/activite/renseigner.png>
Package pdftex.def Info: ../images/diagrammes/sysml/activite/renseigner.png use
d on input line 281.
(pdftex.def)             Requested size: 257.75844pt x 104.1874pt.
 [18

 <../images/diagrammes/sysml/activite/interroger.png> <../images/diagrammes/sys
ml/activite/renseigner.png>]
<../images/diagrammes/sysml/sequence/autonome.png, id=330, 431.36156pt x 424.58
624pt>
File: ../images/diagrammes/sysml/sequence/autonome.png Graphic file (type png)
 <use ../images/diagrammes/sysml/sequence/autonome.png>
Package pdftex.def Info: ../images/diagrammes/sysml/sequence/autonome.png used 
on input line 295.
(pdftex.def)             Requested size: 172.54156pt x 169.83148pt.

<../images/diagrammes/sysml/sequence/autonome_boite_noire.png, id=331, 451.6875
pt x 495.35063pt>
File: ../images/diagrammes/sysml/sequence/autonome_boite_noire.png Graphic file
 (type png)

<use ../images/diagrammes/sysml/sequence/autonome_boite_noire.png>
Package pdftex.def Info: ../images/diagrammes/sysml/sequence/autonome_boite_noi
re.png used on input line 296.
(pdftex.def)             Requested size: 180.67178pt x 198.13673pt.
 [19

 <../images/diagrammes/sysml/sequence/autonome.png> <../images/diagrammes/sysml
/sequence/autonome_boite_noire.png>]
<../images/diagrammes/sysml/sequence/interroger.png, id=339, 557.83406pt x 545.
78906pt>
File: ../images/diagrammes/sysml/sequence/interroger.png Graphic file (type png
)
 <use ../images/diagrammes/sysml/sequence/interroger.png>
Package pdftex.def Info: ../images/diagrammes/sysml/sequence/interroger.png use
d on input line 308.
(pdftex.def)             Requested size: 223.12967pt x 218.31175pt.

<../images/diagrammes/sysml/sequence/interroger_boite_noire.png, id=340, 540.51
938pt x 630.10406pt>
File: ../images/diagrammes/sysml/sequence/interroger_boite_noire.png Graphic fi
le (type png)

<use ../images/diagrammes/sysml/sequence/interroger_boite_noire.png>
Package pdftex.def Info: ../images/diagrammes/sysml/sequence/interroger_boite_n
oire.png used on input line 309.
(pdftex.def)             Requested size: 216.20392pt x 252.03716pt.
 [20

 <../images/diagrammes/sysml/sequence/interroger.png> <../images/diagrammes/sys
ml/sequence/interroger_boite_noire.png>]
<../images/diagrammes/sysml/sequence/renseigner.png, id=348, 458.46281pt x 424.
58624pt>
File: ../images/diagrammes/sysml/sequence/renseigner.png Graphic file (type png
)
 <use ../images/diagrammes/sysml/sequence/renseigner.png>
Package pdftex.def Info: ../images/diagrammes/sysml/sequence/renseigner.png use
d on input line 320.
(pdftex.def)             Requested size: 183.38187pt x 169.83148pt.

<../images/diagrammes/sysml/sequence/renseigner_boite_noire.png, id=349, 775.39
688pt x 414.04688pt>
File: ../images/diagrammes/sysml/sequence/renseigner_boite_noire.png Graphic fi
le (type png)

<use ../images/diagrammes/sysml/sequence/renseigner_boite_noire.png>
Package pdftex.def Info: ../images/diagrammes/sysml/sequence/renseigner_boite_n
oire.png used on input line 321.
(pdftex.def)             Requested size: 310.15326pt x 165.6158pt.
 [21

 <../images/diagrammes/sysml/sequence/renseigner.png> <../images/diagrammes/sys
ml/sequence/renseigner_boite_noire.png>] [22]
Chapitre 2.

<../images/diagrammes/uml/exigence_1/cas_information_refugie.png, id=361, 555.5
7562pt x 356.83313pt>
File: ../images/diagrammes/uml/exigence_1/cas_information_refugie.png Graphic f
ile (type png)

<use ../images/diagrammes/uml/exigence_1/cas_information_refugie.png>
Package pdftex.def Info: ../images/diagrammes/uml/exigence_1/cas_information_re
fugie.png used on input line 366.
(pdftex.def)             Requested size: 222.2263pt x 142.73071pt.


LaTeX Warning: `!h' float specifier changed to `!ht'.


<../images/diagrammes/uml/exigence_1/class_part_recherche.png, id=362, 913.9143
7pt x 395.97937pt>
File: ../images/diagrammes/uml/exigence_1/class_part_recherche.png Graphic file
 (type png)

<use ../images/diagrammes/uml/exigence_1/class_part_recherche.png>
Package pdftex.def Info: ../images/diagrammes/uml/exigence_1/class_part_recherc
he.png used on input line 377.
(pdftex.def)             Requested size: 365.55927pt x 158.38895pt.


LaTeX Warning: `!h' float specifier changed to `!ht'.


<../images/diagrammes/uml/exigence_1/classe_exigence_1.png, id=363, 781.41937pt
 x 316.93407pt>
File: ../images/diagrammes/uml/exigence_1/classe_exigence_1.png Graphic file (t
ype png)

<use ../images/diagrammes/uml/exigence_1/classe_exigence_1.png>
Package pdftex.def Info: ../images/diagrammes/uml/exigence_1/classe_exigence_1.
png used on input line 384.
(pdftex.def)             Requested size: 312.56221pt x 126.77138pt.


LaTeX Warning: `!h' float specifier changed to `!ht'.


<../images/diagrammes/uml/exigence_1/etat_gerer_mouvement_refugie.png, id=364, 
1120.185pt x 858.95906pt>
File: ../images/diagrammes/uml/exigence_1/etat_gerer_mouvement_refugie.png Grap
hic file (type png)

<use ../images/diagrammes/uml/exigence_1/etat_gerer_mouvement_refugie.png>
Package pdftex.def Info: ../images/diagrammes/uml/exigence_1/etat_gerer_mouveme
nt_refugie.png used on input line 396.
(pdftex.def)             Requested size: 448.06606pt x 343.57755pt.

Underfull \hbox (badness 10000) in paragraph at lines 399--403

 []


LaTeX Warning: `!h' float specifier changed to `!ht'.


<../images/diagrammes/uml/exigence_1/act_gerer_mouvement.png, id=365, 844.65562
pt x 1072.75781pt>
File: ../images/diagrammes/uml/exigence_1/act_gerer_mouvement.png Graphic file 
(type png)

<use ../images/diagrammes/uml/exigence_1/act_gerer_mouvement.png>
Package pdftex.def Info: ../images/diagrammes/uml/exigence_1/act_gerer_mouvemen
t.png used on input line 412.
(pdftex.def)             Requested size: 337.85626pt x 429.09552pt.


LaTeX Warning: `!h' float specifier changed to `!ht'.


<../images/diagrammes/uml/exigence_1/act_recherche_refugie.png, id=366, 650.43p
t x 534.49687pt>
File: ../images/diagrammes/uml/exigence_1/act_recherche_refugie.png Graphic fil
e (type png)

<use ../images/diagrammes/uml/exigence_1/act_recherche_refugie.png>
Package pdftex.def Info: ../images/diagrammes/uml/exigence_1/act_recherche_refu
gie.png used on input line 422.
(pdftex.def)             Requested size: 260.16739pt x 213.79495pt.


LaTeX Warning: `!h' float specifier changed to `!ht'.

[23


] [24 <../images/diagrammes/uml/exigence_1/cas_information_refugie.png> <../ima
ges/diagrammes/uml/exigence_1/class_part_recherche.png> <../images/diagrammes/u
ml/exigence_1/classe_exigence_1.png>] [25 <../images/diagrammes/uml/exigence_1/
etat_gerer_mouvement_refugie.png>] [26 <../images/diagrammes/uml/exigence_1/act
_gerer_mouvement.png>] [27 <../images/diagrammes/uml/exigence_1/act_recherche_r
efugie.png>]
<../images/diagrammes/uml/exigence_2/cas_exigence_2.png, id=402, 532.99126pt x 
308.65312pt>
File: ../images/diagrammes/uml/exigence_2/cas_exigence_2.png Graphic file (type
 png)
 <use ../images/diagrammes/uml/exigence_2/cas_exigence_2.png>
Package pdftex.def Info: ../images/diagrammes/uml/exigence_2/cas_exigence_2.png
 used on input line 437.
(pdftex.def)             Requested size: 213.19272pt x 123.45905pt.

<../images/diagrammes/uml/exigence_2/cas_gerer_campagne.png, id=403, 969.6225pt
 x 409.53pt>
File: ../images/diagrammes/uml/exigence_2/cas_gerer_campagne.png Graphic file (
type png)
 <use ../images/diagrammes/uml/exigence_2/cas_gerer_campagne.png>
Package pdftex.def Info: ../images/diagrammes/uml/exigence_2/cas_gerer_campagne
.png used on input line 447.
(pdftex.def)             Requested size: 387.84213pt x 163.80908pt.

<../images/diagrammes/uml/exigence_2/classe_exigence_2.png, id=404, 885.3075pt 
x 429.10312pt>
File: ../images/diagrammes/uml/exigence_2/classe_exigence_2.png Graphic file (t
ype png)
 <use ../images/diagrammes/uml/exigence_2/classe_exigence_2.png>
Package pdftex.def Info: ../images/diagrammes/uml/exigence_2/classe_exigence_2.
png used on input line 454.
(pdftex.def)             Requested size: 354.11671pt x 171.6382pt.


LaTeX Warning: `!h' float specifier changed to `!ht'.


<../images/diagrammes/uml/exigence_2/etat_gestion_campagne.png, id=405, 1094.58
937pt x 597.73312pt>
File: ../images/diagrammes/uml/exigence_2/etat_gestion_campagne.png Graphic fil
e (type png)

<use ../images/diagrammes/uml/exigence_2/etat_gestion_campagne.png>
Package pdftex.def Info: ../images/diagrammes/uml/exigence_2/etat_gestion_campa
gne.png used on input line 464.
(pdftex.def)             Requested size: 437.82799pt x 239.089pt.


LaTeX Warning: `!h' float specifier changed to `!ht'.


<../images/diagrammes/uml/exigence_2/act_gerer_campagne.png, id=406, 1096.095pt
 x 799.48688pt>
File: ../images/diagrammes/uml/exigence_2/act_gerer_campagne.png Graphic file (
type png)

<use ../images/diagrammes/uml/exigence_2/act_gerer_campagne.png>
Package pdftex.def Info: ../images/diagrammes/uml/exigence_2/act_gerer_campagne
.png used on input line 480.
(pdftex.def)             Requested size: 438.43024pt x 319.78908pt.


LaTeX Warning: `!h' float specifier changed to `!ht'.

[28

 <../images/diagrammes/uml/exigence_2/cas_exigence_2.png> <../images/diagrammes
/uml/exigence_2/cas_gerer_campagne.png>] [29 <../images/diagrammes/uml/exigence
_2/classe_exigence_2.png>] [30 <../images/diagrammes/uml/exigence_2/etat_gestio
n_campagne.png>] [31 <../images/diagrammes/uml/exigence_2/act_gerer_campagne.pn
g>]
<../images/diagrammes/uml/exigence_4/cas_exigence_4.png, id=431, 410.2828pt x 2
60.47313pt>
File: ../images/diagrammes/uml/exigence_4/cas_exigence_4.png Graphic file (type
 png)
 <use ../images/diagrammes/uml/exigence_4/cas_exigence_4.png>
Package pdftex.def Info: ../images/diagrammes/uml/exigence_4/cas_exigence_4.png
 used on input line 498.
(pdftex.def)             Requested size: 164.11021pt x 104.1874pt.

<../images/diagrammes/uml/exigence_4/classe_exigence_4.png, id=432, 892.08281pt
 x 400.49625pt>
File: ../images/diagrammes/uml/exigence_4/classe_exigence_4.png Graphic file (t
ype png)

<use ../images/diagrammes/uml/exigence_4/classe_exigence_4.png>
Package pdftex.def Info: ../images/diagrammes/uml/exigence_4/classe_exigence_4.
png used on input line 508.
(pdftex.def)             Requested size: 356.8268pt x 160.19566pt.


LaTeX Warning: `!h' float specifier changed to `!ht'.


<../images/diagrammes/uml/exigence_4/etat_gestion_stock.png, id=433, 441.14813p
t x 513.41812pt>
File: ../images/diagrammes/uml/exigence_4/etat_gestion_stock.png Graphic file (
type png)

<use ../images/diagrammes/uml/exigence_4/etat_gestion_stock.png>
Package pdftex.def Info: ../images/diagrammes/uml/exigence_4/etat_gestion_stock
.png used on input line 518.
(pdftex.def)             Requested size: 176.45612pt x 205.3636pt.


LaTeX Warning: `!h' float specifier changed to `!ht'.


<../images/diagrammes/uml/exigence_4/act_gerer_stock.png, id=434, 581.17125pt x
 561.59813pt>
File: ../images/diagrammes/uml/exigence_4/act_gerer_stock.png Graphic file (typ
e png)
 <use ../images/diagrammes/uml/exigence_4/act_gerer_stock.png>
Package pdftex.def Info: ../images/diagrammes/uml/exigence_4/act_gerer_stock.pn
g used on input line 528.
(pdftex.def)             Requested size: 232.46437pt x 224.63527pt.


LaTeX Warning: `!h' float specifier changed to `!ht'.

[32

 <../images/diagrammes/uml/exigence_4/cas_exigence_4.png>] [33 <../images/diagr
ammes/uml/exigence_4/classe_exigence_4.png> <../images/diagrammes/uml/exigence_
4/etat_gestion_stock.png>] [34 <../images/diagrammes/uml/exigence_4/act_gerer_s
tock.png>]
<../images/diagrammes/uml/exigence_5/cas_exigence_5.png, id=454, 341.02406pt x 
260.47313pt>
File: ../images/diagrammes/uml/exigence_5/cas_exigence_5.png Graphic file (type
 png)
 <use ../images/diagrammes/uml/exigence_5/cas_exigence_5.png>
Package pdftex.def Info: ../images/diagrammes/uml/exigence_5/cas_exigence_5.png
 used on input line 543.
(pdftex.def)             Requested size: 136.4072pt x 104.1874pt.

<../images/diagrammes/uml/exigence_5/classe_exigence_5.png, id=455, 618.81187pt
 x 260.47313pt>
File: ../images/diagrammes/uml/exigence_5/classe_exigence_5.png Graphic file (t
ype png)

<use ../images/diagrammes/uml/exigence_5/classe_exigence_5.png>
Package pdftex.def Info: ../images/diagrammes/uml/exigence_5/classe_exigence_5.
png used on input line 550.
(pdftex.def)             Requested size: 247.52036pt x 104.1874pt.

<../images/diagrammes/uml/exigence_5/etat_diffusion_information.png, id=456, 13
47.53438pt x 436.63126pt>
File: ../images/diagrammes/uml/exigence_5/etat_diffusion_information.png Graphi
c file (type png)

<use ../images/diagrammes/uml/exigence_5/etat_diffusion_information.png>
Package pdftex.def Info: ../images/diagrammes/uml/exigence_5/etat_diffusion_inf
ormation.png used on input line 560.
(pdftex.def)             Requested size: 539.00421pt x 174.6494pt.

Overfull \hbox (25.88676pt too wide) in paragraph at lines 560--561
 [] 
 []


LaTeX Warning: `!h' float specifier changed to `!ht'.


<../images/diagrammes/uml/exigence_5/act_diffuser_information_act.png, id=457, 
392.21532pt x 477.28313pt>
File: ../images/diagrammes/uml/exigence_5/act_diffuser_information_act.png Grap
hic file (type png)

<use ../images/diagrammes/uml/exigence_5/act_diffuser_information_act.png>
Package pdftex.def Info: ../images/diagrammes/uml/exigence_5/act_diffuser_infor
mation_act.png used on input line 571.
(pdftex.def)             Requested size: 156.88335pt x 190.90987pt.


LaTeX Warning: `!h' float specifier changed to `!ht'.

[35

 <../images/diagrammes/uml/exigence_5/cas_exigence_5.png> <../images/diagrammes
/uml/exigence_5/classe_exigence_5.png>] [36 <../images/diagrammes/uml/exigence_
5/etat_diffusion_information.png> <../images/diagrammes/uml/exigence_5/act_diff
user_information_act.png>]
<../images/diagrammes/uml/complementaire/cas_general.png, id=474, 1066.7353pt x
 944.02687pt>
File: ../images/diagrammes/uml/complementaire/cas_general.png Graphic file (typ
e png)
 <use ../images/diagrammes/uml/complementaire/cas_general.png>
Package pdftex.def Info: ../images/diagrammes/uml/complementaire/cas_general.pn
g used on input line 583.
(pdftex.def)             Requested size: 426.68655pt x 377.60405pt.

[37

 <../images/diagrammes/uml/complementaire/cas_general.png>]
<../images/diagrammes/uml/complementaire/classe_general.png, id=481, 1047.915pt
 x 2598.70876pt>
File: ../images/diagrammes/uml/complementaire/classe_general.png Graphic file (
type png)

<use ../images/diagrammes/uml/complementaire/classe_general.png>
Package pdftex.def Info: ../images/diagrammes/uml/complementaire/classe_general
.png used on input line 595.
(pdftex.def)             Requested size: 209.57928pt x 519.73256pt.
 [38

 <../images/diagrammes/uml/complementaire/classe_general.png>]
<../images/diagrammes/uml/complementaire/etat_Recherche_personne.png, id=488, 9
39.51pt x 422.32782pt>
File: ../images/diagrammes/uml/complementaire/etat_Recherche_personne.png Graph
ic file (type png)

<use ../images/diagrammes/uml/complementaire/etat_Recherche_personne.png>
Package pdftex.def Info: ../images/diagrammes/uml/complementaire/etat_Recherche
_personne.png used on input line 608.
(pdftex.def)             Requested size: 375.79733pt x 168.92813pt.

[39

 <../images/diagrammes/uml/complementaire/etat_Recherche_personne.png>]
<../images/diagrammes/uml/complementaire/Creer_compte_act.png, id=495, 391.4625
pt x 462.22687pt>
File: ../images/diagrammes/uml/complementaire/Creer_compte_act.png Graphic file
 (type png)

<use ../images/diagrammes/uml/complementaire/Creer_compte_act.png>
Package pdftex.def Info: ../images/diagrammes/uml/complementaire/Creer_compte_a
ct.png used on input line 621.
(pdftex.def)             Requested size: 156.58221pt x 184.88747pt.

<../images/diagrammes/uml/complementaire/Gerer_compte_act.png, id=496, 341.0240
6pt x 648.92438pt>
File: ../images/diagrammes/uml/complementaire/Gerer_compte_act.png Graphic file
 (type png)

<use ../images/diagrammes/uml/complementaire/Gerer_compte_act.png>
Package pdftex.def Info: ../images/diagrammes/uml/complementaire/Gerer_compte_a
ct.png used on input line 632.
(pdftex.def)             Requested size: 136.4072pt x 259.56516pt.


LaTeX Warning: `!h' float specifier changed to `!ht'.


<../images/diagrammes/uml/complementaire/Recherche_Lieu_act.png, id=497, 341.02
406pt x 469.755pt>
File: ../images/diagrammes/uml/complementaire/Recherche_Lieu_act.png Graphic fi
le (type png)

<use ../images/diagrammes/uml/complementaire/Recherche_Lieu_act.png>
Package pdftex.def Info: ../images/diagrammes/uml/complementaire/Recherche_Lieu
_act.png used on input line 642.
(pdftex.def)             Requested size: 136.4072pt x 187.89867pt.


LaTeX Warning: `!h' float specifier changed to `!ht'.

[40

 <../images/diagrammes/uml/complementaire/Creer_compte_act.png>]

LaTeX Warning: Text page 41 contains only floats.


Overfull \vbox (2.12979pt too high) has occurred while \output is active []


[41 <../images/diagrammes/uml/complementaire/Gerer_compte_act.png> <../images/d
iagrammes/uml/complementaire/Recherche_Lieu_act.png>]
Package atveryend Info: Empty hook `BeforeClearDocument' on input line 664.
 [42

]
Package atveryend Info: Empty hook `AfterLastShipout' on input line 664.
 (./cr.aux)
Package atveryend Info: Executing hook `AtVeryEndDocument' on input line 664.
Package atveryend Info: Executing hook `AtEndAfterFileList' on input line 664.
Package rerunfilecheck Info: File `cr.out' has not changed.
(rerunfilecheck)             Checksum: 596B450AD22BAAA39447FA828B59B0FB;927.
Package atveryend Info: Empty hook `AtVeryVeryEnd' on input line 664.
 ) 
Here is how much of TeX's memory you used:
 8011 strings out of 494401
 123802 string characters out of 6164298
 221155 words of memory out of 5000000
 10959 multiletter control sequences out of 15000+600000
 14330 words of font info for 53 fonts, out of 8000000 for 9000
 372 hyphenation exceptions out of 8191
 29i,8n,35p,1282b,402s stack positions out of 5000i,500n,10000p,200000b,80000s
</usr/share/texlive/texmf-dist/fonts/type1/public/amsfonts/cm/cmbx10.pfb></us
r/share/texlive/texmf-dist/fonts/type1/public/amsfonts/cm/cmbx12.pfb></usr/shar
e/texlive/texmf-dist/fonts/type1/public/amsfonts/cm/cmcsc10.pfb></usr/share/tex
live/texmf-dist/fonts/type1/public/amsfonts/cm/cmr10.pfb></usr/share/texlive/te
xmf-dist/fonts/type1/public/amsfonts/cm/cmr12.pfb></usr/share/texlive/texmf-dis
t/fonts/type1/public/amsfonts/cm/cmr8.pfb></usr/share/texlive/texmf-dist/fonts/
type1/public/amsfonts/cm/cmr9.pfb></usr/share/texlive/texmf-dist/fonts/type1/pu
blic/amsfonts/cm/cmsy10.pfb></usr/share/texlive/texmf-dist/fonts/type1/public/a
msfonts/cm/cmti10.pfb></usr/share/texlive/texmf-dist/fonts/type1/public/amsfont
s/cm/cmti9.pfb></usr/share/texlive/texmf-dist/fonts/type1/public/amsfonts/cm/cm
tt10.pfb></usr/share/texlive/texmf-dist/fonts/type1/public/amsfonts/symbols/msa
m10.pfb>
Output written on cr.pdf (43 pages, 12803688 bytes).
PDF statistics:
 590 PDF objects out of 1000 (max. 8388607)
 430 compressed objects within 5 object streams
 148 named destinations out of 1000 (max. 500000)
 368 words of extra memory for PDF output out of 10000 (max. 10000000)

